2026-03-04 16:40:18,730 [INFO] TradingBot — ───────────────────────────────────────────────────────
2026-03-04 16:40:18,738 [INFO] TradingBot — 🔄 Ciclo — 2026-03-04 19:40 UTC
2026-03-04 16:40:55,539 [INFO] database — ✅ SQLite local inicializado
2026-03-04 16:40:55,545 [INFO] TradingBot — ───────────────────────────────────────────────────────
2026-03-04 16:40:55,553 [INFO] TradingBot — 🔄 Ciclo — 2026-03-04 19:40 UTC
2026-03-04 16:40:55,596 [INFO] paper_broker — 💼 Balance: $10,000.00
2026-03-04 16:40:55,602 [INFO] TradingBot — 📡 Obteniendo sentimiento y contexto macro...
2026-03-04 16:40:56,887 [INFO] news_scraper — 📊 Sentimiento detectado -> CRYPTO: 0.32, FOREX: -0.06
2026-03-04 16:40:58,943 [INFO] macro_analyzer — 🌍 Macro: DXY NEUTRAL | Nasdaq UP | Risk: NEUTRAL
2026-03-04 16:40:58,958 [INFO] TradingBot — 📡 Descargando datos de mercado...
2026-03-04 16:40:58,964 [INFO] fetcher — 📡 Cargando BTC/USDT...
2026-03-04 16:41:04,463 [INFO] fetcher — 📡 Cargando ETH/USDT...
2026-03-04 16:41:08,878 [INFO] fetcher — 📡 Cargando SOL/USDT...
2026-03-04 16:41:13,508 [INFO] fetcher — 📡 Cargando EURUSD=X...
2026-03-04 16:41:14,830 [ERROR] yfinance — $EURUSD=X: possibly delisted; no price data found  (period=1y) (Yahoo error = "15m data not available for startTime=1741117275 and endTime=1772653275. The requested range must be within the last 60 days.")
2026-03-04 16:41:14,841 [INFO] fetcher — 📡 Cargando GBPUSD=X...
2026-03-04 16:41:16,049 [ERROR] yfinance — $GBPUSD=X: possibly delisted; no price data found  (period=1y) (Yahoo error = "15m data not available for startTime=1741117276 and endTime=1772653276. The requested range must be within the last 60 days.")
2026-03-04 16:41:16,083 [INFO] fetcher — 📡 Cargando USDJPY=X...
2026-03-04 16:41:17,056 [ERROR] yfinance — $USDJPY=X: possibly delisted; no price data found  (period=1y) (Yahoo error = "15m data not available for startTime=1741117277 and endTime=1772653277. The requested range must be within the last 60 days.")
2026-03-04 16:41:17,088 [INFO] TradingBot — ✅ 3/6 pares obtenidos
2026-03-04 16:41:24,221 [INFO] TradingBot — 🟢 BTC/USDT (15m) | Score: 5.0 | Precio: 7.38e+04 | Tendencia alcista (Precio > EMA200) | Sentimiento alcista (0.32) | Macro: Nasdaq en tendencia alcista
2026-03-04 16:41:24,285 [INFO] TradingBot — 🟢 ETH/USDT (15m) | Score: 5.0 | Precio: 2184 | Tendencia alcista (Precio > EMA200) | Sentimiento alcista (0.32) | Macro: Nasdaq en tendencia alcista
2026-03-04 16:41:24,326 [INFO] TradingBot — 🟢 SOL/USDT (15m) | Score: 5.0 | Precio: 93.41 | Tendencia alcista (Precio > EMA200) | Sentimiento alcista (0.32) | Macro: Nasdaq en tendencia alcista
2026-03-04 16:41:24,358 [INFO] paper_broker — 📈 #1 BTC/USDT BUY @ 7.38e+04 | SL=7.325e+04 TP=7.491e+04 | $5,000
2026-03-04 16:41:24,390 [INFO] paper_broker — 📈 #2 ETH/USDT BUY @ 2184 | SL=2163 TP=2227 | $5,000
2026-03-04 16:41:24,413 [INFO] paper_broker — 📈 #3 SOL/USDT BUY @ 93.41 | SL=92.46 TP=95.32 | $5,000
2026-03-04 16:45:21,780 [INFO] database — ✅ SQLite local inicializado
2026-03-04 16:45:21,807 [INFO] TradingBot — ───────────────────────────────────────────────────────
2026-03-04 16:45:21,819 [INFO] TradingBot — 🔄 Ciclo — 2026-03-04 19:45 UTC
2026-03-04 16:45:21,852 [INFO] paper_broker — 💼 Balance: $10,000.00
2026-03-04 16:45:21,869 [INFO] TradingBot — 📡 Obteniendo sentimiento y contexto macro...
2026-03-04 16:45:23,691 [INFO] news_scraper — 📊 Sentimiento detectado -> CRYPTO: 0.32, FOREX: -0.06
2026-03-04 16:45:25,494 [INFO] macro_analyzer — 🌍 Macro: DXY UP | Nasdaq UP | Risk: NEUTRAL
2026-03-04 16:45:25,520 [INFO] TradingBot — 📡 Descargando datos de mercado...
2026-03-04 16:45:25,536 [INFO] fetcher — 📡 Cargando BTC/USDT...
2026-03-04 16:45:32,844 [INFO] fetcher — 📡 Cargando ETH/USDT...
2026-03-04 16:45:39,304 [INFO] fetcher — 📡 Cargando SOL/USDT...
2026-03-04 16:45:45,639 [INFO] fetcher — 📡 Cargando EURUSD=X...
2026-03-04 16:45:46,280 [ERROR] yfinance — $EURUSD=X: possibly delisted; no price data found  (period=1y) (Yahoo error = "15m data not available for startTime=1741117546 and endTime=1772653546. The requested range must be within the last 60 days.")
2026-03-04 16:45:46,298 [INFO] fetcher — 📡 Cargando GBPUSD=X...
2026-03-04 16:45:46,934 [ERROR] yfinance — $GBPUSD=X: possibly delisted; no price data found  (period=1y) (Yahoo error = "15m data not available for startTime=1741117547 and endTime=1772653547. The requested range must be within the last 60 days.")
2026-03-04 16:45:46,963 [INFO] fetcher — 📡 Cargando USDJPY=X...
2026-03-04 16:45:47,505 [ERROR] yfinance — $USDJPY=X: possibly delisted; no price data found  (period=1y) (Yahoo error = "15m data not available for startTime=1741117547 and endTime=1772653547. The requested range must be within the last 60 days.")
2026-03-04 16:45:47,530 [INFO] TradingBot — ✅ 3/6 pares obtenidos
2026-03-04 16:45:48,526 [INFO] TradingBot — 🟢 BTC/USDT (15m) | Score: 5.0 | Precio: 7.371e+04 | Tendencia alcista (Precio > EMA200) | Sentimiento alcista (0.32) | Macro: Nasdaq en tendencia alcista
2026-03-04 16:45:48,563 [INFO] TradingBot — 🟢 ETH/USDT (15m) | Score: 5.0 | Precio: 2182 | Tendencia alcista (Precio > EMA200) | Sentimiento alcista (0.32) | Macro: Nasdaq en tendencia alcista
2026-03-04 16:45:48,587 [INFO] TradingBot — 🟢 SOL/USDT (15m) | Score: 5.0 | Precio: 93.71 | Tendencia alcista (Precio > EMA200) | Sentimiento alcista (0.32) | Macro: Nasdaq en tendencia alcista
2026-03-04 17:09:33,042 [INFO] database — ✅ SQLite local inicializado
2026-03-04 17:09:33,072 [INFO] TradingBot — ───────────────────────────────────────────────────────
2026-03-04 17:09:33,088 [INFO] TradingBot — 🔄 Ciclo — 2026-03-04 20:09 UTC
2026-03-04 17:09:33,116 [INFO] paper_broker — 💼 Balance: $10,000.00
2026-03-04 17:09:33,129 [INFO] TradingBot — 📡 Obteniendo sentimiento y contexto macro...
2026-03-04 17:09:34,975 [INFO] news_scraper — 📊 Sentimiento detectado -> CRYPTO: 0.27, FOREX: -0.06
2026-03-04 17:09:37,200 [INFO] macro_analyzer — 🌍 Macro: DXY NEUTRAL | Nasdaq UP | Risk: NEUTRAL
2026-03-04 17:09:37,232 [INFO] TradingBot — 📡 Descargando datos de mercado...
2026-03-04 17:09:37,246 [INFO] fetcher — 📡 Cargando BTC/USDT...
2026-03-04 17:09:44,375 [INFO] fetcher — 📡 Cargando ETH/USDT...
2026-03-04 17:09:50,933 [INFO] fetcher — 📡 Cargando SOL/USDT...
2026-03-04 17:09:58,843 [INFO] fetcher — 📡 Cargando EURUSD=X...
2026-03-04 17:09:59,831 [INFO] fetcher — 📡 Cargando GBPUSD=X...
2026-03-04 17:10:00,486 [INFO] fetcher — 📡 Cargando USDJPY=X...
2026-03-04 17:10:00,825 [INFO] TradingBot — ✅ 6/6 pares obtenidos
2026-03-04 17:10:02,431 [INFO] TradingBot — 🟢 BTC/USDT (15m) | Score: 5.0 | Precio: 7.331e+04 | Tendencia alcista (Precio > EMA200) | Sentimiento alcista (0.27) | Macro: Nasdaq en tendencia alcista
2026-03-04 17:10:02,461 [INFO] TradingBot — 🟢 ETH/USDT (15m) | Score: 5.0 | Precio: 2164 | Tendencia alcista (Precio > EMA200) | Sentimiento alcista (0.27) | Macro: Nasdaq en tendencia alcista
2026-03-04 17:10:02,487 [INFO] TradingBot — 🟢 SOL/USDT (15m) | Score: 5.0 | Precio: 92.86 | Tendencia alcista (Precio > EMA200) | Sentimiento alcista (0.27) | Macro: Nasdaq en tendencia alcista
2026-03-04 17:10:17,834 [INFO] database — ✅ SQLite local inicializado
2026-03-04 17:10:17,847 [INFO] TradingBot — ───────────────────────────────────────────────────────
2026-03-04 17:10:17,860 [INFO] TradingBot — 🔄 Ciclo — 2026-03-04 20:10 UTC
2026-03-04 17:10:17,894 [INFO] paper_broker — 💼 Balance: $10,000.00
2026-03-04 17:10:17,904 [INFO] TradingBot — 📡 Obteniendo sentimiento y contexto macro...
2026-03-04 17:10:19,401 [INFO] news_scraper — 📊 Sentimiento detectado -> CRYPTO: 0.27, FOREX: -0.06
2026-03-04 17:10:21,203 [INFO] macro_analyzer — 🌍 Macro: DXY NEUTRAL | Nasdaq UP | Risk: NEUTRAL
2026-03-04 17:10:21,240 [INFO] TradingBot — 📡 Descargando datos de mercado...
2026-03-04 17:10:21,249 [INFO] fetcher — 📡 Cargando BTC/USDT...
2026-03-04 17:10:27,571 [INFO] fetcher — 📡 Cargando ETH/USDT...
2026-03-04 17:10:34,095 [INFO] fetcher — 📡 Cargando SOL/USDT...
2026-03-04 17:10:39,490 [INFO] fetcher — 📡 Cargando EURUSD=X...
2026-03-04 17:10:40,004 [INFO] fetcher — 📡 Cargando GBPUSD=X...
2026-03-04 17:10:40,442 [INFO] fetcher — 📡 Cargando USDJPY=X...
2026-03-04 17:10:40,824 [INFO] TradingBot — ✅ 6/6 pares obtenidos
2026-03-04 17:10:41,544 [INFO] TradingBot — 🟢 BTC/USDT (15m) | Score: 5.0 | Precio: 7.335e+04 | Tendencia alcista (Precio > EMA200) | Sentimiento alcista (0.27) | Macro: Nasdaq en tendencia alcista
2026-03-04 17:10:41,563 [INFO] TradingBot — 🟢 ETH/USDT (15m) | Score: 5.0 | Precio: 2164 | Tendencia alcista (Precio > EMA200) | Sentimiento alcista (0.27) | Macro: Nasdaq en tendencia alcista
2026-03-04 17:10:41,602 [INFO] TradingBot — 🟢 SOL/USDT (15m) | Score: 5.0 | Precio: 92.95 | Tendencia alcista (Precio > EMA200) | Sentimiento alcista (0.27) | Macro: Nasdaq en tendencia alcista
